>>  {"jsonrpc":"2.0","id":1,"method":"eth_call","params":[{"data":"0xa223e05d","from":"0x0000000000000000000000000000000000000000","to":"0x0000000000000000000000000000000000000314"},"pending"]}
>>  {"jsonrpc":"2.0","id":1,"method":"eth_getBlockByNumber","params":["0x0",true]}
>>  {"jsonrpc":"2.0","id":1,"method":"eth_getBlockByHash","params":["0xf24584aea2f75656cf2064042fc1660108f7438a8bc585553c32611be6155f10",false]}
>>  {"jsonrpc":"2.0","id":1,"method":"eth_sendRawTransaction","params":["0xf8aa808506fc23ac00830124f894000000000000000000000000000000000000031580b844ef2769ca000000000000000000000000b6081eacb87b5cfad54ee11aba65365ebb8209540000000000000000000000000000000000000000000000000de0b6b3a764000031a00e158c67d896dfae517204f66257b5a6403a997a9c7ce7378ea0e5fa2b13fc9ba07853cd8510b52683730b03efe57349336c42f70327efcbbc93f1e2b4a343c5c3"]}
>>  {"jsonrpc":"2.0","id":1,"method":"eth_sendRawTransaction","params":["0xf8aa018506fc23ac00830124f894000000000000000000000000000000000000031580b844ef2769ca000000000000000000000000e6437f6b9b1b27664ff15a7e1a1d0175309640f30000000000000000000000000000000000000000000000000de0b6b3a764000031a0220e1d1de7a97b26782e5b94ff553a0cf05de5caf8a71e93ae85e7ecd95c4af6a067c1a007404a4f6e0d0d0cdf39a32f3ff72264b17b354f9167a7187ab1411b45"]}
>>  {"jsonrpc":"2.0","id":1,"method":"eth_sendRawTransaction","params":["0xf8aa028506fc23ac00830124f894000000000000000000000000000000000000031580b844ef2769ca000000000000000000000000a060135f47dea188ca0290f0739bcfd8e5c601570000000000000000000000000000000000000000000000000de0b6b3a764000032a043d395d586421e4310f77abf0defb8931ccb7364ed75bafcd02f2d206e43d2aba00d8715f2bee08fcffc04fc6280a90466b149afd298df220f4a2e9699c6c88a94"]}
>>  {"jsonrpc":"2.0","id":1,"method":"eth_sendRawTransaction","params":["0xf8aa038506fc23ac00830124f894000000000000000000000000000000000000031580b844ef2769ca0000000000000000000000006187b106c84ddc237eb096d05eb75b78745c62d40000000000000000000000000000000000000000000000000de0b6b3a764000032a0d9e2cd776e1db0c4c045950e00ab40e53c709c00724543346185a70c6824cf62a07cfd9a691157cae2f3668acd5409300287bdd698917ec47fd325217673a77d8d"]}
>>  {"jsonrpc":"2.0","id":1,"method":"eth_sendRawTransaction","params":["0xf8aa048506fc23ac00830124f894000000000000000000000000000000000000031580b844ef2769ca000000000000000000000000eb7609e5aedf9d77bc75bfd68f684b6ed39e508c0000000000000000000000000000000000000000000000000de0b6b3a764000032a081a9e91ed059e6b57bf4e1fb24307c3d60887de8fbab9c68f5d1f5b418691b9ca076a9f55e821f4992c83bedff631f5a835b39753c05da1a411f74012ebc869c02"]}
>>  {"jsonrpc":"2.0","id":1,"method":"eth_syncing"}
>>  {"jsonrpc":"2.0","id":1,"method":"eth_sendRawTransaction","params":["0xf8aa058506fc23ac00830124f894000000000000000000000000000000000000031580b844ef2769ca000000000000000000000000d9c1fe65bbfb0907567d4e9923e760333067d4040000000000000000000000000000000000000000000000000de0b6b3a764000031a0cdd9cbbf534565c114de194c7c204ebc5dcf9f0efb416b5348beab4c460ee06ba057763752aba5b391069ffc04a0fa0684606d9490291aa9a65b43a15094c5c959"]}
>>  {"jsonrpc":"2.0","id":1,"method":"eth_getCode","params":["0x0000000000000000000000000000000000000314","0x0"]}
>>  {"jsonrpc":"2.0","id":1,"method":"eth_getBlockByNumber","params":["latest",true]}
>>  {"jsonrpc":"2.0","id":1,"method":"eth_sendRawTransaction","params":["0xf8aa068506fc23ac00830124f894000000000000000000000000000000000000031580b844ef2769ca0000000000000000000000003bf309f484c8614a833507b09a10ba3675e12ec30000000000000000000000000000000000000000000000000de0b6b3a764000032a0b6b418056ac4257d3abfad13b3dbb991e7844fe95e38e4dd150325e6f7b32757a05753b1a4bdcb66ffdd72defacb57944d411e8d1c2d2f5422b130680576e2a139"]}
>>  {"jsonrpc":"2.0","id":1,"method":"eth_getBlockByHash","params":["0xf24584aea2f75656cf2064042fc1660108f7438a8bc585553c32611be6155f10",true]}
>>  {"jsonrpc":"2.0","id":1,"method":"eth_getBlockByNumber","params":["0x0",false]}
>>  {"jsonrpc":"2.0","id":1,"method":"eth_sendRawTransaction","params":["0xf8aa078506fc23ac00830124f894000000000000000000000000000000000000031580b844ef2769ca000000000000000000000000603b4459c27c2391cdee48af620abaa0fd4d0d6c0000000000000000000000000000000000000000000000000de0b6b3a764000032a0cfa5dfd5c9d0363ea1219d2d4e5b553917035d2f964c5b47f82f41efef190326a04a643b5382cc16a29ca813a7996d71cdb91b50e78e388990f857d94d7b159d04"]}
<<  {"jsonrpc":"2.0","id":1,"error":{"code":-32000,"message":"block not found"}}
Unable to fetch `ui` variable: block not found
<<  {"jsonrpc":"2.0","id":1,"error":{"code":-32000,"message":"PolarisBaseApp is not ready; please wait for first block: invalid height [cosmos/cosmos-sdk@v0.48.0/baseapp/abci.go:789]: GetHeader: failed to use query context: BlockByNumber [0]"}}
Unable to fetch genesis block: PolarisBaseApp is not ready; please wait for first block: invalid height [cosmos/cosmos-sdk@v0.48.0/baseapp/abci.go:789]: GetHeader: failed to use query context: BlockByNumber [0]
<<  {"jsonrpc":"2.0","id":1,"error":{"code":-32000,"message":"PolarisBaseApp is not ready; please wait for first block: invalid height [cosmos/cosmos-sdk@v0.48.0/baseapp/abci.go:789]: GetHeader: failed to use query context"}}
Could not fetch code for predeployed contract: PolarisBaseApp is not ready; please wait for first block: invalid height [cosmos/cosmos-sdk@v0.48.0/baseapp/abci.go:789]: GetHeader: failed to use query context
<<  {"jsonrpc":"2.0","id":1,"error":{"code":-32603,"message":"method handler crashed"}}
unable to send funding transaction: method handler crashed
<<  {"jsonrpc":"2.0","id":1,"error":{"code":-32603,"message":"method handler crashed"}}
Unable to fetch block f24584aea2f75656cf2064042fc1660108f7438a8bc585553c32611be6155f10: method handler crashed
<<  {"jsonrpc":"2.0","id":1,"error":{"code":-32603,"message":"method handler crashed"}}
Unable to fetch block f24584aea2f75656cf2064042fc1660108f7438a8bc585553c32611be6155f10: method handler crashed
<<  {"jsonrpc":"2.0","id":1,"error":{"code":-32000,"message":"block not found: BlockByNumber [-1]"}}
Unable to fetch latest block
<<  {"jsonrpc":"2.0","id":1,"error":{"code":-32603,"message":"method handler crashed"}}
unable to send funding transaction: method handler crashed
<<  {"jsonrpc":"2.0","id":1,"error":{"code":-32603,"message":"method handler crashed"}}
unable to send funding transaction: method handler crashed
<<  {"jsonrpc":"2.0","id":1,"error":{"code":-32603,"message":"method handler crashed"}}
unable to send funding transaction: method handler crashed
<<  {"jsonrpc":"2.0","id":1,"error":{"code":-32603,"message":"method handler crashed"}}
unable to send funding transaction: method handler crashed
<<  {"jsonrpc":"2.0","id":1,"error":{"code":-32603,"message":"method handler crashed"}}
unable to send funding transaction: method handler crashed
<<  {"jsonrpc":"2.0","id":1,"error":{"code":-32603,"message":"method handler crashed"}}
unable to send funding transaction: method handler crashed
<<  {"jsonrpc":"2.0","id":1,"error":{"code":-32603,"message":"method handler crashed"}}
unable to send funding transaction: method handler crashed
<<  {"jsonrpc":"2.0","id":1,"result":false}
<<  {"jsonrpc":"2.0","id":1,"error":{"code":-32000,"message":"PolarisBaseApp is not ready; please wait for first block: invalid height [cosmos/cosmos-sdk@v0.48.0/baseapp/abci.go:789]: GetHeader: failed to use query context: BlockByNumber [0]"}}
Unable to fetch genesis block: PolarisBaseApp is not ready; please wait for first block: invalid height [cosmos/cosmos-sdk@v0.48.0/baseapp/abci.go:789]: GetHeader: failed to use query context: BlockByNumber [0]
>>  {"jsonrpc":"2.0","id":1,"method":"eth_sendRawTransaction","params":["0xf8aa088506fc23ac00830124f894000000000000000000000000000000000000031580b844ef2769ca000000000000000000000000935cc248f1c00cae9aa1b401d6e812f950b271d80000000000000000000000000000000000000000000000000de0b6b3a764000032a0d79c543da23b5f69eba710129b0f3154e446d0b20df11dfda44a646303dcea54a01f709c9fb968ee42454305dc65931d0f20a1116f7dc519e98355659fe32a73cb"]}
<<  {"jsonrpc":"2.0","id":1,"error":{"code":-32603,"message":"method handler crashed"}}
unable to send funding transaction: method handler crashed
unable to send funding transaction: method handler crashed
unable to send funding transaction: method handler crashed
Could not fetch code for predeployed contract: PolarisBaseApp is not ready; please wait for first block: invalid height [cosmos/cosmos-sdk@v0.48.0/baseapp/abci.go:789]: GetHeader: failed to use query context
Unable to fetch latest block
unable to send funding transaction: method handler crashed
unable to send funding transaction: method handler crashed
unable to send funding transaction: method handler crashed
unable to send funding transaction: method handler crashed
Unable to fetch genesis block: PolarisBaseApp is not ready; please wait for first block: invalid height [cosmos/cosmos-sdk@v0.48.0/baseapp/abci.go:789]: GetHeader: failed to use query context: BlockByNumber [0]
Unable to fetch block f24584aea2f75656cf2064042fc1660108f7438a8bc585553c32611be6155f10: method handler crashed
Unable to fetch block f24584aea2f75656cf2064042fc1660108f7438a8bc585553c32611be6155f10: method handler crashed
unable to send funding transaction: method handler crashed
unable to send funding transaction: method handler crashed
Unable to fetch genesis block: PolarisBaseApp is not ready; please wait for first block: invalid height [cosmos/cosmos-sdk@v0.48.0/baseapp/abci.go:789]: GetHeader: failed to use query context: BlockByNumber [0]
Unable to fetch `ui` variable: block not found
unable to send funding transaction: method handler crashed
unable to send funding transaction: method handler crashed
unable to send funding transaction: method handler crashed
